<?xml version="1.0" encoding="UTF-8"?>
<!-- Generated by org.testng.reporters.JUnitReportReporter -->
<testsuite hostname="Chetan" failures="0" tests="1" name="com.selenium.handson.WorksMaven.SeleniumTest" time="0.010" errors="0" timestamp="2022-05-30T17:16:29 IST" skipped="0">
  <testcase classname="com.selenium.handson.WorksMaven.SeleniumTest" name="automation" time="0.010"/>
  <system-out/>
</testsuite> <!-- com.selenium.handson.WorksMaven.SeleniumTest -->
