<?xml version="1.0" encoding="UTF-8"?>
<!-- Generated by org.testng.reporters.JUnitReportReporter -->
<testsuite hostname="Chetan" failures="0" tests="4" name="test.Test2" time="0.009" errors="0" timestamp="2022-06-07T21:42:40 IST" skipped="0">
  <testcase classname="test.Test2" name="price" time="0.002"/>
  <system-out/>
  <testcase classname="test.Test2" name="model" time="0.003"/>
  <system-out/>
  <testcase classname="test.Test2" name="model" time="0.002"/>
  <system-out/>
  <testcase classname="test.Test2" name="model" time="0.002"/>
  <system-out/>
</testsuite> <!-- test.Test2 -->
