<?xml version="1.0" encoding="UTF-8"?>
<!-- Generated by org.testng.reporters.JUnitReportReporter -->
<testsuite hostname="Chetan" failures="0" tests="1" name="test.Test1" time="0.005" errors="0" timestamp="2022-05-29T21:55:52 IST" skipped="0">
  <testcase classname="test.Test1" name="msg" time="0.005"/>
  <system-out/>
</testsuite> <!-- test.Test1 -->
