<?xml version="1.0" encoding="UTF-8"?>
<!-- Generated by org.testng.reporters.JUnitReportReporter -->
<testsuite hostname="Chetan" failures="0" tests="1" name="com.restapi.ApiTesting.Test1" time="2.481" errors="0" timestamp="2022-06-08T10:13:52 IST" skipped="0">
  <testcase classname="com.restapi.ApiTesting.Test1" name="test" time="2.481"/>
  <system-out/>
</testsuite> <!-- com.restapi.ApiTesting.Test1 -->
